<?xml version="1.0" encoding="UTF-8"?>
<!-- Generated by org.testng.reporters.JUnitReportReporter -->
<testsuite skipped="0" hostname="DESKTOP-0PTHPNK" name="com.shreeya.ReporterDemo" tests="2" failures="0" timestamp="2020-03-25T20:16:54 IST" time="0.025" errors="0">
  <testcase name="abc" time="0.023" classname="com.shreeya.ReporterDemo"/>
  <testcase name="abc1" time="0.002" classname="com.shreeya.ReporterDemo"/>
</testsuite> <!-- com.shreeya.ReporterDemo -->
