<?xml version="1.0" encoding="UTF-8"?>
<!-- Generated by org.testng.reporters.JUnitReportReporter -->
<testsuite skipped="0" hostname="DESKTOP-0PTHPNK" name="com.shreeya.Tet" tests="3" failures="0" timestamp="2020-03-25T16:00:51 IST" time="0.035" errors="0">
  <testcase name="function1" time="0.029" classname="com.shreeya.Tet"/>
  <testcase name="function2" time="0.004" classname="com.shreeya.Tet"/>
  <testcase name="function3" time="0.002" classname="com.shreeya.Tet"/>
</testsuite> <!-- com.shreeya.Tet -->
