<?xml version="1.0" encoding="UTF-8"?>
<!-- Generated by org.testng.reporters.JUnitReportReporter -->
<testsuite skipped="0" hostname="DESKTOP-0PTHPNK" name="com.shreeya.demo" tests="2" failures="0" timestamp="2020-03-25T20:57:59 IST" time="0.023" errors="0">
  <testcase name="execute1" time="0.015" classname="com.shreeya.demo"/>
  <testcase name="execute" time="0.008" classname="com.shreeya.demo"/>
</testsuite> <!-- com.shreeya.demo -->
